Flow report for Zeus_Processor
Mon Jan 17 22:35:47 2022
Quartus Prime Version 17.1.0 Build 590 10/25/2017 SJ Lite Edition


---------------------
; Table of Contents ;
---------------------
  1. Legal Notice
  2. Flow Summary
  3. Flow Settings
  4. Flow Non-Default Global Settings
  5. Flow Elapsed Time
  6. Flow OS Summary
  7. Flow Log
  8. Flow Messages
  9. Flow Suppressed Messages



----------------
; Legal Notice ;
----------------
Copyright (C) 2017  Intel Corporation. All rights reserved.
Your use of Intel Corporation's design tools, logic functions 
and other software and tools, and its AMPP partner logic 
functions, and any output files from any of the foregoing 
(including device programming or simulation files), and any 
associated documentation or information are expressly subject 
to the terms and conditions of the Intel Program License 
Subscription Agreement, the Intel Quartus Prime License Agreement,
the Intel FPGA IP License Agreement, or other applicable license
agreement, including, without limitation, that your use is for
the sole purpose of programming logic devices manufactured by
Intel and sold by Intel or its authorized distributors.  Please
refer to the applicable agreement for further details.



+----------------------------------------------------------------------------------+
; Flow Summary                                                                     ;
+------------------------------------+---------------------------------------------+
; Flow Status                        ; Successful - Mon Jan 17 22:35:47 2022       ;
; Quartus Prime Version              ; 17.1.0 Build 590 10/25/2017 SJ Lite Edition ;
; Revision Name                      ; Zeus_Processor                              ;
; Top-level Entity Name              ; Zeus_Processor                              ;
; Family                             ; Cyclone IV E                                ;
; Device                             ; EP4CE115F29C7                               ;
; Timing Models                      ; Final                                       ;
; Total logic elements               ; 870 / 114,480 ( < 1 % )                     ;
;     Total combinational functions  ; 823 / 114,480 ( < 1 % )                     ;
;     Dedicated logic registers      ; 489 / 114,480 ( < 1 % )                     ;
; Total registers                    ; 489                                         ;
; Total pins                         ; 350 / 529 ( 66 % )                          ;
; Total virtual pins                 ; 0                                           ;
; Total memory bits                  ; 10,240 / 3,981,312 ( < 1 % )                ;
; Embedded Multiplier 9-bit elements ; 0 / 532 ( 0 % )                             ;
; Total PLLs                         ; 0 / 4 ( 0 % )                               ;
+------------------------------------+---------------------------------------------+


+-----------------------------------------+
; Flow Settings                           ;
+-------------------+---------------------+
; Option            ; Setting             ;
+-------------------+---------------------+
; Start date & time ; 01/17/2022 22:34:23 ;
; Main task         ; Compilation         ;
; Revision Name     ; Zeus_Processor      ;
+-------------------+---------------------+


+----------------------------------------------------------------------------------------------------------------------------------+
; Flow Non-Default Global Settings                                                                                                 ;
+-----------------------------------------+----------------------------------------+--------------------+-------------+------------+
; Assignment Name                         ; Value                                  ; Default Value      ; Entity Name ; Section Id ;
+-----------------------------------------+----------------------------------------+--------------------+-------------+------------+
; ALM_REGISTER_PACKING_EFFORT             ; High                                   ; Medium             ; --          ; --         ;
; COMPILER_SIGNATURE_ID                   ; 92391586036497.164246966213876         ; --                 ; --          ; --         ;
; FITTER_EFFORT                           ; Fast Fit                               ; Auto Fit           ; --          ; --         ;
; MAX_CORE_JUNCTION_TEMP                  ; 85                                     ; --                 ; --          ; --         ;
; MIN_CORE_JUNCTION_TEMP                  ; 0                                      ; --                 ; --          ; --         ;
; NOMINAL_CORE_SUPPLY_VOLTAGE             ; 1.2V                                   ; --                 ; --          ; --         ;
; OPTIMIZATION_MODE                       ; Aggressive Area                        ; Balanced           ; --          ; --         ;
; OPTIMIZE_TIMING                         ; Off                                    ; Normal compilation ; --          ; --         ;
; PARTITION_COLOR                         ; -- (Not supported for targeted family) ; --                 ; --          ; Top        ;
; PARTITION_FITTER_PRESERVATION_LEVEL     ; -- (Not supported for targeted family) ; --                 ; --          ; Top        ;
; PARTITION_NETLIST_TYPE                  ; -- (Not supported for targeted family) ; --                 ; --          ; Top        ;
; PHYSICAL_SYNTHESIS_COMBO_LOGIC_FOR_AREA ; On                                     ; Off                ; --          ; --         ;
; PHYSICAL_SYNTHESIS_EFFORT               ; Fast                                   ; Normal             ; --          ; --         ;
; POWER_BOARD_THERMAL_MODEL               ; None (CONSERVATIVE)                    ; --                 ; --          ; --         ;
; POWER_PRESET_COOLING_SOLUTION           ; 23 MM HEAT SINK WITH 200 LFPM AIRFLOW  ; --                 ; --          ; --         ;
; PROJECT_OUTPUT_DIRECTORY                ; output_files                           ; --                 ; --          ; --         ;
; SMART_RECOMPILE                         ; On                                     ; Off                ; --          ; --         ;
; SYNTHESIS_EFFORT                        ; Fast                                   ; Auto               ; --          ; --         ;
; SYNTH_TIMING_DRIVEN_SYNTHESIS           ; Off                                    ; On                 ; --          ; --         ;
+-----------------------------------------+----------------------------------------+--------------------+-------------+------------+


+-------------------------------------------------------------------------------------------------------------------------------+
; Flow Elapsed Time                                                                                                             ;
+---------------------------+--------------+-------------------------+---------------------+------------------------------------+
; Module Name               ; Elapsed Time ; Average Processors Used ; Peak Virtual Memory ; Total CPU Time (on all processors) ;
+---------------------------+--------------+-------------------------+---------------------+------------------------------------+
; Analysis & Synthesis      ; 00:00:28     ; 1.0                     ; 4788 MB             ; 00:00:48                           ;
; Fitter                    ; 00:00:24     ; 1.0                     ; 5353 MB             ; 00:00:31                           ;
; Assembler                 ; 00:00:05     ; 1.0                     ; 4683 MB             ; 00:00:05                           ;
; TimeQuest Timing Analyzer ; 00:00:10     ; 1.4                     ; 4831 MB             ; 00:00:09                           ;
; EDA Netlist Writer        ; 00:00:02     ; 1.0                     ; 4636 MB             ; 00:00:02                           ;
; EDA Netlist Writer        ; 00:00:03     ; 1.0                     ; 4647 MB             ; 00:00:03                           ;
; Total                     ; 00:01:12     ; --                      ; --                  ; 00:01:38                           ;
+---------------------------+--------------+-------------------------+---------------------+------------------------------------+


+-----------------------------------------------------------------------------------------+
; Flow OS Summary                                                                         ;
+---------------------------+------------------+------------+------------+----------------+
; Module Name               ; Machine Hostname ; OS Name    ; OS Version ; Processor type ;
+---------------------------+------------------+------------+------------+----------------+
; Analysis & Synthesis      ; DESKTOP-44CLU76  ; Windows 10 ; 10.0       ; x86_64         ;
; Fitter                    ; DESKTOP-44CLU76  ; Windows 10 ; 10.0       ; x86_64         ;
; Assembler                 ; DESKTOP-44CLU76  ; Windows 10 ; 10.0       ; x86_64         ;
; TimeQuest Timing Analyzer ; DESKTOP-44CLU76  ; Windows 10 ; 10.0       ; x86_64         ;
; EDA Netlist Writer        ; DESKTOP-44CLU76  ; Windows 10 ; 10.0       ; x86_64         ;
; EDA Netlist Writer        ; DESKTOP-44CLU76  ; Windows 10 ; 10.0       ; x86_64         ;
+---------------------------+------------------+------------+------------+----------------+


------------
; Flow Log ;
------------
quartus_map --read_settings_files=on --write_settings_files=off Zeus_Processor -c Zeus_Processor
quartus_fit --read_settings_files=off --write_settings_files=off Zeus_Processor -c Zeus_Processor
quartus_asm --read_settings_files=off --write_settings_files=off Zeus_Processor -c Zeus_Processor
quartus_sta Zeus_Processor -c Zeus_Processor
quartus_eda --gen_testbench --tool=modelsim_oem --format=verilog --write_settings_files=off Zeus_Processor -c Zeus_Processor --vector_source=C:/Users/gusta/Desktop/Zeus/Zeus_Processor_teste.vwf --testbench_file=C:/Users/gusta/Desktop/Zeus/simulation/qsim/Zeus_Processor_teste.vwf.vt
quartus_eda --write_settings_files=off --simulation=on --functional=on --flatten_buses=off --tool=modelsim_oem --format=verilog --output_directory=C:/Users/gusta/Desktop/Zeus/simulation/qsim/ Zeus_Processor -c Zeus_Processor



